[2021-06-17 09:41:16.390] [renderer1] [error] [text file model] handleSaveError(7) - exit - resulted in a save error: Error: Unable to write file '/home/hieuserver/docker-local/projects/strapi-merakiweddingplanner/README.md' (NoPermissions (FileSystemError): Error: EACCES: permission denied, open '/home/hieuserver/docker-local/projects/strapi-merakiweddingplanner/README.md') file:///home/hieuserver/docker-local/projects/strapi-merakiweddingplanner/README.md
[2021-06-17 09:41:24.122] [renderer1] [error] [text file model] handleSaveError(12) - exit - resulted in a save error: Error: Unable to write file '/home/hieuserver/docker-local/projects/strapi-merakiweddingplanner/README.md' (NoPermissions (FileSystemError): Error: EACCES: permission denied, open '/home/hieuserver/docker-local/projects/strapi-merakiweddingplanner/README.md') file:///home/hieuserver/docker-local/projects/strapi-merakiweddingplanner/README.md
[2021-06-17 09:42:28.638] [renderer1] [error] Error: Unable to write file '/home/hieuserver/docker-local/projects/strapi-merakiweddingplanner/config/conf' (NoPermissions (FileSystemError): Error: EACCES: permission denied, open '/home/hieuserver/docker-local/projects/strapi-merakiweddingplanner/config/conf')
    at o.writeFile (file:///usr/share/code/resources/app/out/vs/workbench/workbench.desktop.main.js:634:15549)
    at async o.createFile (file:///usr/share/code/resources/app/out/vs/workbench/workbench.desktop.main.js:634:14762)
    at async Promise.all (index 0)
    at async Object.G [as settled] (file:///usr/share/code/resources/app/out/vs/workbench/workbench.desktop.main.js:68:21704)
    at async a.doCreateFileOrFolder (file:///usr/share/code/resources/app/out/vs/workbench/workbench.desktop.main.js:2290:44543)
    at async c.perform (file:///usr/share/code/resources/app/out/vs/workbench/workbench.desktop.main.js:2296:22853)
    at async d.apply (file:///usr/share/code/resources/app/out/vs/workbench/workbench.desktop.main.js:2296:26462)
    at async s._performFileEdits (file:///usr/share/code/resources/app/out/vs/workbench/workbench.desktop.main.js:2296:28304)
    at async s.perform (file:///usr/share/code/resources/app/out/vs/workbench/workbench.desktop.main.js:2296:27846)
    at async n.apply (file:///usr/share/code/resources/app/out/vs/workbench/workbench.desktop.main.js:2296:30336)
    at async file:///usr/share/code/resources/app/out/vs/workbench/workbench.desktop.main.js:2182:17344
[2021-06-17 09:42:28.640] [renderer1] [error] Unable to write file '/home/hieuserver/docker-local/projects/strapi-merakiweddingplanner/config/conf' (NoPermissions (FileSystemError): Error: EACCES: permission denied, open '/home/hieuserver/docker-local/projects/strapi-merakiweddingplanner/config/conf'): Error: Unable to write file '/home/hieuserver/docker-local/projects/strapi-merakiweddingplanner/config/conf' (NoPermissions (FileSystemError): Error: EACCES: permission denied, open '/home/hieuserver/docker-local/projects/strapi-merakiweddingplanner/config/conf')
    at o.writeFile (file:///usr/share/code/resources/app/out/vs/workbench/workbench.desktop.main.js:634:15549)
    at async o.createFile (file:///usr/share/code/resources/app/out/vs/workbench/workbench.desktop.main.js:634:14762)
    at async Promise.all (index 0)
    at async Object.G [as settled] (file:///usr/share/code/resources/app/out/vs/workbench/workbench.desktop.main.js:68:21704)
    at async a.doCreateFileOrFolder (file:///usr/share/code/resources/app/out/vs/workbench/workbench.desktop.main.js:2290:44543)
    at async c.perform (file:///usr/share/code/resources/app/out/vs/workbench/workbench.desktop.main.js:2296:22853)
    at async d.apply (file:///usr/share/code/resources/app/out/vs/workbench/workbench.desktop.main.js:2296:26462)
    at async s._performFileEdits (file:///usr/share/code/resources/app/out/vs/workbench/workbench.desktop.main.js:2296:28304)
    at async s.perform (file:///usr/share/code/resources/app/out/vs/workbench/workbench.desktop.main.js:2296:27846)
    at async n.apply (file:///usr/share/code/resources/app/out/vs/workbench/workbench.desktop.main.js:2296:30336)
    at async file:///usr/share/code/resources/app/out/vs/workbench/workbench.desktop.main.js:2182:17344
[2021-06-17 09:42:35.900] [renderer1] [error] Error: Unable to write file '/home/hieuserver/docker-local/projects/strapi-merakiweddingplanner/config/conf' (NoPermissions (FileSystemError): Error: EACCES: permission denied, open '/home/hieuserver/docker-local/projects/strapi-merakiweddingplanner/config/conf')
    at o.writeFile (file:///usr/share/code/resources/app/out/vs/workbench/workbench.desktop.main.js:634:15549)
    at async o.createFile (file:///usr/share/code/resources/app/out/vs/workbench/workbench.desktop.main.js:634:14762)
    at async Promise.all (index 0)
    at async Object.G [as settled] (file:///usr/share/code/resources/app/out/vs/workbench/workbench.desktop.main.js:68:21704)
    at async a.doCreateFileOrFolder (file:///usr/share/code/resources/app/out/vs/workbench/workbench.desktop.main.js:2290:44543)
    at async c.perform (file:///usr/share/code/resources/app/out/vs/workbench/workbench.desktop.main.js:2296:22853)
    at async d.apply (file:///usr/share/code/resources/app/out/vs/workbench/workbench.desktop.main.js:2296:26462)
    at async s._performFileEdits (file:///usr/share/code/resources/app/out/vs/workbench/workbench.desktop.main.js:2296:28304)
    at async s.perform (file:///usr/share/code/resources/app/out/vs/workbench/workbench.desktop.main.js:2296:27846)
    at async n.apply (file:///usr/share/code/resources/app/out/vs/workbench/workbench.desktop.main.js:2296:30336)
    at async file:///usr/share/code/resources/app/out/vs/workbench/workbench.desktop.main.js:2182:17344
[2021-06-17 09:42:35.902] [renderer1] [error] Unable to write file '/home/hieuserver/docker-local/projects/strapi-merakiweddingplanner/config/conf' (NoPermissions (FileSystemError): Error: EACCES: permission denied, open '/home/hieuserver/docker-local/projects/strapi-merakiweddingplanner/config/conf'): Error: Unable to write file '/home/hieuserver/docker-local/projects/strapi-merakiweddingplanner/config/conf' (NoPermissions (FileSystemError): Error: EACCES: permission denied, open '/home/hieuserver/docker-local/projects/strapi-merakiweddingplanner/config/conf')
    at o.writeFile (file:///usr/share/code/resources/app/out/vs/workbench/workbench.desktop.main.js:634:15549)
    at async o.createFile (file:///usr/share/code/resources/app/out/vs/workbench/workbench.desktop.main.js:634:14762)
    at async Promise.all (index 0)
    at async Object.G [as settled] (file:///usr/share/code/resources/app/out/vs/workbench/workbench.desktop.main.js:68:21704)
    at async a.doCreateFileOrFolder (file:///usr/share/code/resources/app/out/vs/workbench/workbench.desktop.main.js:2290:44543)
    at async c.perform (file:///usr/share/code/resources/app/out/vs/workbench/workbench.desktop.main.js:2296:22853)
    at async d.apply (file:///usr/share/code/resources/app/out/vs/workbench/workbench.desktop.main.js:2296:26462)
    at async s._performFileEdits (file:///usr/share/code/resources/app/out/vs/workbench/workbench.desktop.main.js:2296:28304)
    at async s.perform (file:///usr/share/code/resources/app/out/vs/workbench/workbench.desktop.main.js:2296:27846)
    at async n.apply (file:///usr/share/code/resources/app/out/vs/workbench/workbench.desktop.main.js:2296:30336)
    at async file:///usr/share/code/resources/app/out/vs/workbench/workbench.desktop.main.js:2182:17344
